# JRE version: OpenJDK Runtime Environment (8.0_212-b04) (build 1.8.0_212-release-1586-b04)
# Java VM: OpenJDK 64-Bit Server VM (25.212-b04 mixed mode windows-amd64 compressed oops)
Heap:
 PSYoungGen      total 509952K, used 414206K [0x00000000d5580000, 0x00000000f8c00000, 0x0000000100000000)
  eden space 448000K, 82% used [0x00000000d5580000,0x00000000ebeda8f0,0x00000000f0b00000)
  from space 61952K, 71% used [0x00000000f4a00000,0x00000000f7525058,0x00000000f8680000)
  to   space 64512K, 0% used [0x00000000f0b00000,0x00000000f0b00000,0x00000000f4a00000)
 ParOldGen       total 453120K, used 74312K [0x0000000080000000, 0x000000009ba80000, 0x00000000d5580000)
  object space 453120K, 16% used [0x0000000080000000,0x0000000084892268,0x000000009ba80000)
 Metaspace       used 108257K, capacity 114150K, committed 114344K, reserved 1148928K
  class space    used 13848K, capacity 14983K, committed 15016K, reserved 1048576K
GC Heap History (10 events):
Event: 45.869 GC heap before
{Heap before GC invocations=34 (full 4):
 PSYoungGen      total 336896K, used 326394K [0x00000000d5580000, 0x00000000ee980000, 0x0000000100000000)
  eden space 298496K, 100% used [0x00000000d5580000,0x00000000e7900000,0x00000000e7900000)
  from space 38400K, 72% used [0x00000000e7900000,0x00000000e943eaa8,0x00000000e9e80000)
  to   space 39936K, 0% used [0x00000000ec280000,0x00000000ec280000,0x00000000ee980000)
 ParOldGen       total 453120K, used 67192K [0x0000000080000000, 0x000000009ba80000, 0x00000000d5580000)
  object space 453120K, 14% used [0x0000000080000000,0x000000008419e238,0x000000009ba80000)
 Metaspace       used 107164K, capacity 112888K, committed 113192K, reserved 1146880K
  class space    used 13716K, capacity 14790K, committed 14888K, reserved 1048576K
Event: 45.889 GC heap after
Heap after GC invocations=34 (full 4):
 PSYoungGen      total 370176K, used 34418K [0x00000000d5580000, 0x00000000efe80000, 0x0000000100000000)
  eden space 330240K, 0% used [0x00000000d5580000,0x00000000d5580000,0x00000000e9800000)
  from space 39936K, 86% used [0x00000000ec280000,0x00000000ee41cba0,0x00000000ee980000)
  to   space 43520K, 0% used [0x00000000e9800000,0x00000000e9800000,0x00000000ec280000)
 ParOldGen       total 453120K, used 67200K [0x0000000080000000, 0x000000009ba80000, 0x00000000d5580000)
  object space 453120K, 14% used [0x0000000080000000,0x00000000841a0238,0x000000009ba80000)
 Metaspace       used 107164K, capacity 112888K, committed 113192K, reserved 1146880K
  class space    used 13716K, capacity 14790K, committed 14888K, reserved 1048576K
}
Event: 46.106 GC heap before
{Heap before GC invocations=35 (full 4):
 PSYoungGen      total 370176K, used 364658K [0x00000000d5580000, 0x00000000efe80000, 0x0000000100000000)
  eden space 330240K, 100% used [0x00000000d5580000,0x00000000e9800000,0x00000000e9800000)
  from space 39936K, 86% used [0x00000000ec280000,0x00000000ee41cba0,0x00000000ee980000)
  to   space 43520K, 0% used [0x00000000e9800000,0x00000000e9800000,0x00000000ec280000)
 ParOldGen       total 453120K, used 67202K [0x0000000080000000, 0x000000009ba80000, 0x00000000d5580000)
  object space 453120K, 14% used [0x0000000080000000,0x00000000841a0858,0x000000009ba80000)
 Metaspace       used 107434K, capacity 113146K, committed 113448K, reserved 1148928K
  class space    used 13739K, capacity 14827K, committed 14888K, reserved 1048576K
Event: 46.126 GC heap after
Heap after GC invocations=35 (full 4):
 PSYoungGen      total 373760K, used 42166K [0x00000000d5580000, 0x00000000f3300000, 0x0000000100000000)
  eden space 330240K, 0% used [0x00000000d5580000,0x00000000d5580000,0x00000000e9800000)
  from space 43520K, 96% used [0x00000000e9800000,0x00000000ec12d860,0x00000000ec280000)
  to   space 49152K, 0% used [0x00000000f0300000,0x00000000f0300000,0x00000000f3300000)
 ParOldGen       total 453120K, used 67210K [0x0000000080000000, 0x000000009ba80000, 0x00000000d5580000)
  object space 453120K, 14% used [0x0000000080000000,0x00000000841a2858,0x000000009ba80000)
 Metaspace       used 107434K, capacity 113146K, committed 113448K, reserved 1148928K
  class space    used 13739K, capacity 14827K, committed 14888K, reserved 1048576K
}
Event: 46.339 GC heap before
{Heap before GC invocations=36 (full 4):
 PSYoungGen      total 373760K, used 372406K [0x00000000d5580000, 0x00000000f3300000, 0x0000000100000000)
  eden space 330240K, 100% used [0x00000000d5580000,0x00000000e9800000,0x00000000e9800000)
  from space 43520K, 96% used [0x00000000e9800000,0x00000000ec12d860,0x00000000ec280000)
  to   space 49152K, 0% used [0x00000000f0300000,0x00000000f0300000,0x00000000f3300000)
 ParOldGen       total 453120K, used 67210K [0x0000000080000000, 0x000000009ba80000, 0x00000000d5580000)
  object space 453120K, 14% used [0x0000000080000000,0x00000000841a2858,0x000000009ba80000)
 Metaspace       used 107658K, capacity 113402K, committed 113448K, reserved 1148928K
  class space    used 13773K, capacity 14853K, committed 14888K, reserved 1048576K
Event: 46.362 GC heap after
Heap after GC invocations=36 (full 4):
 PSYoungGen      total 434176K, used 43838K [0x00000000d5580000, 0x00000000f4280000, 0x0000000100000000)
  eden space 385024K, 0% used [0x00000000d5580000,0x00000000d5580000,0x00000000ecd80000)
  from space 49152K, 89% used [0x00000000f0300000,0x00000000f2dcfb70,0x00000000f3300000)
  to   space 54784K, 0% used [0x00000000ecd80000,0x00000000ecd80000,0x00000000f0300000)
 ParOldGen       total 453120K, used 67218K [0x0000000080000000, 0x000000009ba80000, 0x00000000d5580000)
  object space 453120K, 14% used [0x0000000080000000,0x00000000841a4858,0x000000009ba80000)
 Metaspace       used 107658K, capacity 113402K, committed 113448K, reserved 1148928K
  class space    used 13773K, capacity 14853K, committed 14888K, reserved 1048576K
}
Event: 46.607 GC heap before
{Heap before GC invocations=37 (full 4):
 PSYoungGen      total 434176K, used 428862K [0x00000000d5580000, 0x00000000f4280000, 0x0000000100000000)
  eden space 385024K, 100% used [0x00000000d5580000,0x00000000ecd80000,0x00000000ecd80000)
  from space 49152K, 89% used [0x00000000f0300000,0x00000000f2dcfb70,0x00000000f3300000)
  to   space 54784K, 0% used [0x00000000ecd80000,0x00000000ecd80000,0x00000000f0300000)
 ParOldGen       total 453120K, used 67218K [0x0000000080000000, 0x000000009ba80000, 0x00000000d5580000)
  object space 453120K, 14% used [0x0000000080000000,0x00000000841a4858,0x000000009ba80000)
 Metaspace       used 107717K, capacity 113540K, committed 113704K, reserved 1148928K
  class space    used 13774K, capacity 14854K, committed 14888K, reserved 1048576K
Event: 46.632 GC heap after
Heap after GC invocations=37 (full 4):
 PSYoungGen      total 439808K, used 52284K [0x00000000d5580000, 0x00000000f8680000, 0x0000000100000000)
  eden space 385024K, 0% used [0x00000000d5580000,0x00000000d5580000,0x00000000ecd80000)
  from space 54784K, 95% used [0x00000000ecd80000,0x00000000f008f398,0x00000000f0300000)
  to   space 61952K, 0% used [0x00000000f4a00000,0x00000000f4a00000,0x00000000f8680000)
 ParOldGen       total 453120K, used 72288K [0x0000000080000000, 0x000000009ba80000, 0x00000000d5580000)
  object space 453120K, 15% used [0x0000000080000000,0x0000000084698088,0x000000009ba80000)
 Metaspace       used 107717K, capacity 113540K, committed 113704K, reserved 1148928K
  class space    used 13774K, capacity 14854K, committed 14888K, reserved 1048576K
}
Event: 46.903 GC heap before
{Heap before GC invocations=38 (full 4):
 PSYoungGen      total 439808K, used 437308K [0x00000000d5580000, 0x00000000f8680000, 0x0000000100000000)
  eden space 385024K, 100% used [0x00000000d5580000,0x00000000ecd80000,0x00000000ecd80000)
  from space 54784K, 95% used [0x00000000ecd80000,0x00000000f008f398,0x00000000f0300000)
  to   space 61952K, 0% used [0x00000000f4a00000,0x00000000f4a00000,0x00000000f8680000)
 ParOldGen       total 453120K, used 72288K [0x0000000080000000, 0x000000009ba80000, 0x00000000d5580000)
  object space 453120K, 15% used [0x0000000080000000,0x0000000084698088,0x000000009ba80000)
 Metaspace       used 107990K, capacity 113794K, committed 114088K, reserved 1148928K
  class space    used 13815K, capacity 14907K, committed 15016K, reserved 1048576K
Event: 46.926 GC heap after
Heap after GC invocations=38 (full 4):
 PSYoungGen      total 509952K, used 44180K [0x00000000d5580000, 0x00000000f8c00000, 0x0000000100000000)
  eden space 448000K, 0% used [0x00000000d5580000,0x00000000d5580000,0x00000000f0b00000)
  from space 61952K, 71% used [0x00000000f4a00000,0x00000000f7525058,0x00000000f8680000)
  to   space 64512K, 0% used [0x00000000f0b00000,0x00000000f0b00000,0x00000000f4a00000)
 ParOldGen       total 453120K, used 74312K [0x0000000080000000, 0x000000009ba80000, 0x00000000d5580000)
  object space 453120K, 16% used [0x0000000080000000,0x0000000084892268,0x000000009ba80000)
 Metaspace       used 107990K, capacity 113794K, committed 114088K, reserved 1148928K
  class space    used 13815K, capacity 14907K, committed 15016K, reserved 1048576K
}

